<?xml version="1.0" encoding="UTF-8"?>
<!-- Generated by org.testng.reporters.JUnitXMLReporter -->
<testsuite ignored="0" hostname="DESKTOP-U73UTOG" failures="1" tests="4" name="SubmitOrder" time="26.283" errors="0" timestamp="2025-04-03T13:18:59 GMT-04:00">
  <testcase classname="tests.StandAlone" name="SubmitOrder" time="3.658"/>
  <testcase classname="tests.StandAlone" name="SubmitOrder" time="3.742"/>
  <testcase classname="tests.StandAlone" name="submittwo" time="0.0"/>
  <testcase classname="tests.StandAlone" name="OrderHistoryTest" time="0.89">
    <failure type="java.lang.AssertionError" message="expected [true] but found [false]">
      <![CDATA[java.lang.AssertionError: expected [true] but found [false]
at tests.StandAlone.OrderHistoryTest(StandAlone.java:61)
at java.base/java.util.ArrayList.forEach(ArrayList.java:1511)
at java.base/java.util.concurrent.FutureTask.run(FutureTask.java:264)
at java.base/java.util.concurrent.ThreadPoolExecutor.runWorker(ThreadPoolExecutor.java:1136)
at java.base/java.util.concurrent.ThreadPoolExecutor$Worker.run(ThreadPoolExecutor.java:635)
at java.base/java.lang.Thread.run(Thread.java:833)
... Removed 21 stack frames]]>
    </failure>
  </testcase> <!-- OrderHistoryTest -->
</testsuite> <!-- SubmitOrder -->
